#
# An unexpected error has been detected by Java Runtime Environment:
#
#  EXCEPTION_ACCESS_VIOLATION (0xc0000005) at pc=0x1009e806, pid=5232, tid=5772
#
# Java VM: Java HotSpot(TM) Client VM (1.6.0-rc-b98 mixed mode)
# Problematic frame:
# C  [euler_drawers_OGDFPlanar.dll+0x9e806]
#
# If you would like to submit a bug report, please visit:
#   http://java.sun.com/webapps/bugreport/crash.jsp
#

---------------  T H R E A D  ---------------

Current thread (0x01911c00):  JavaThread "main" [_thread_in_native, id=5772]

siginfo: ExceptionCode=0xc0000005, reading address 0xccccccd4

Registers:
EAX=0xccccccd4, EBX=0x080e2e20, ECX=0xccccccd4, EDX=0x001a0178
ESP=0x007ff2c0, EBP=0x007ff398, ESI=0x080e2e20, EDI=0x007ff398
EIP=0x1009e806, EFLAGS=0x00010216

Top of Stack: (sp=0x007ff2c0)
0x007ff2c0:   007ff478 080e2e20 080e2e20 cccccccc
0x007ff2d0:   cccccccc cccccccc cccccccc cccccccc
0x007ff2e0:   cccccccc cccccccc cccccccc cccccccc
0x007ff2f0:   cccccccc cccccccc cccccccc cccccccc
0x007ff300:   cccccccc cccccccc cccccccc cccccccc
0x007ff310:   cccccccc cccccccc cccccccc cccccccc
0x007ff320:   cccccccc cccccccc cccccccc cccccccc
0x007ff330:   cccccccc cccccccc cccccccc cccccccc 

Instructions: (pc=0x1009e806)
0x1009e7f6:   00 00 b8 cc cc cc cc f3 ab 59 89 4d f8 8b 45 f8
0x1009e806:   8b 00 5f 5e 5b 8b e5 5d c3 cc cc cc cc cc cc cc 


Stack: [0x007b0000,0x00800000),  sp=0x007ff2c0,  free space=316k
Native frames: (J=compiled Java code, j=interpreted, Vv=VM code, C=native code)
C  [euler_drawers_OGDFPlanar.dll+0x9e806]
C  [euler_drawers_OGDFPlanar.dll+0x9d12e]
C  [euler_drawers_OGDFPlanar.dll+0x9cc37]
j  euler.drawers.OGDFPlanar.planarEmbedding([D[IIII)[D+0
j  euler.drawers.DiagramDrawerPlanar.planarLayout(Leuler/DualGraph;)Z+129
j  euler.drawers.DiagramDrawerPlanar.layout()V+15
j  euler.DualGraph.main([Ljava/lang/String;)V+150
v  ~StubRoutines::call_stub

Java frames: (J=compiled Java code, j=interpreted, Vv=VM code)
j  euler.drawers.OGDFPlanar.planarEmbedding([D[IIII)[D+0
j  euler.drawers.DiagramDrawerPlanar.planarLayout(Leuler/DualGraph;)Z+129
j  euler.drawers.DiagramDrawerPlanar.layout()V+15
j  euler.DualGraph.main([Ljava/lang/String;)V+150
v  ~StubRoutines::call_stub

---------------  P R O C E S S  ---------------

Java Threads: ( => current thread )
  0x0bd6c800 JavaThread "AWT-EventQueue-0" [_thread_blocked, id=6100]
  0x0bdae400 JavaThread "AWT-Windows" daemon [_thread_in_native, id=5792]
  0x0bdae000 JavaThread "AWT-Shutdown" [_thread_blocked, id=5292]
  0x0bdd2c00 JavaThread "Java2D Disposer" daemon [_thread_blocked, id=2676]
  0x019a6c00 JavaThread "Low Memory Detector" daemon [_thread_blocked, id=3812]
  0x019a1c00 JavaThread "CompilerThread0" daemon [_thread_blocked, id=3232]
  0x019a1800 JavaThread "Attach Listener" daemon [_thread_blocked, id=668]
  0x019a1000 JavaThread "Signal Dispatcher" daemon [_thread_blocked, id=5236]
  0x01994400 JavaThread "Finalizer" daemon [_thread_blocked, id=180]
  0x01988400 JavaThread "Reference Handler" daemon [_thread_blocked, id=4196]
=>0x01911c00 JavaThread "main" [_thread_in_native, id=5772]

Other Threads:
  0x01985400 VMThread [id=4900]
  0x019a8000 WatcherThread [id=5608]

VM state:not at safepoint (normal execution)

VM Mutex/Monitor currently owned by a thread: None

Heap
 def new generation   total 960K, used 706K [0x03a80000, 0x03b80000, 0x03f60000)
  eden space 896K,  71% used [0x03a80000, 0x03b20a08, 0x03b60000)
  from space 64K, 100% used [0x03b60000, 0x03b70000, 0x03b70000)
  to   space 64K,   0% used [0x03b70000, 0x03b70000, 0x03b80000)
 tenured generation   total 4096K, used 2501K [0x03f60000, 0x04360000, 0x07a80000)
   the space 4096K,  61% used [0x03f60000, 0x041d14a0, 0x041d1600, 0x04360000)
 compacting perm gen  total 12288K, used 6842K [0x07a80000, 0x08680000, 0x0ba80000)
   the space 12288K,  55% used [0x07a80000, 0x0812ebe0, 0x0812ec00, 0x08680000)
No shared spaces configured.

Dynamic libraries:
0x00400000 - 0x00423000 	C:\Program Files\Java\jre1.6.0\bin\javaw.exe
0x77370000 - 0x77497000 	C:\Windows\system32\ntdll.dll
0x76b00000 - 0x76bdb000 	C:\Windows\system32\kernel32.dll
0x75bf0000 - 0x75cb6000 	C:\Windows\system32\ADVAPI32.dll
0x75cc0000 - 0x75d82000 	C:\Windows\system32\RPCRT4.dll
0x76f90000 - 0x7702d000 	C:\Windows\system32\USER32.dll
0x77080000 - 0x770cb000 	C:\Windows\system32\GDI32.dll
0x771f0000 - 0x7720e000 	C:\Windows\system32\IMM32.DLL
0x77500000 - 0x775c8000 	C:\Windows\system32\MSCTF.dll
0x76a30000 - 0x76ada000 	C:\Windows\system32\msvcrt.dll
0x76ae0000 - 0x76ae9000 	C:\Windows\system32\LPK.DLL
0x76be0000 - 0x76c5d000 	C:\Windows\system32\USP10.dll
0x7c340000 - 0x7c396000 	C:\Program Files\Java\jre1.6.0\bin\msvcr71.dll
0x6d7c0000 - 0x6da07000 	C:\Program Files\Java\jre1.6.0\bin\client\jvm.dll
0x74300000 - 0x74332000 	C:\Windows\system32\WINMM.dll
0x76db0000 - 0x76ef4000 	C:\Windows\system32\ole32.dll
0x77160000 - 0x771ed000 	C:\Windows\system32\OLEAUT32.dll
0x742c0000 - 0x742f9000 	C:\Windows\system32\OLEACC.dll
0x75a20000 - 0x75a4c000 	C:\Windows\system32\apphelp.dll
0x6d310000 - 0x6d318000 	C:\Program Files\Java\jre1.6.0\bin\hpi.dll
0x75b50000 - 0x75b57000 	C:\Windows\system32\PSAPI.DLL
0x6d770000 - 0x6d77c000 	C:\Program Files\Java\jre1.6.0\bin\verify.dll
0x6d3b0000 - 0x6d3cf000 	C:\Program Files\Java\jre1.6.0\bin\java.dll
0x6d7b0000 - 0x6d7bf000 	C:\Program Files\Java\jre1.6.0\bin\zip.dll
0x6d000000 - 0x6d1c3000 	C:\Program Files\Java\jre1.6.0\bin\awt.dll
0x71fa0000 - 0x71fe2000 	C:\Windows\system32\WINSPOOL.DRV
0x745d0000 - 0x7460f000 	C:\Windows\system32\uxtheme.dll
0x6d2b0000 - 0x6d303000 	C:\Program Files\Java\jre1.6.0\bin\fontmanager.dll
0x75f20000 - 0x76a2f000 	C:\Windows\system32\shell32.dll
0x774a0000 - 0x774f8000 	C:\Windows\system32\SHLWAPI.dll
0x74c00000 - 0x74d9e000 	C:\Windows\WinSxS\x86_microsoft.windows.common-controls_6595b64144ccf1df_6.0.6001.18000_none_5cdbaa5a083979cc\comctl32.dll
0x6d570000 - 0x6d583000 	C:\Program Files\Java\jre1.6.0\bin\net.dll
0x77210000 - 0x7723d000 	C:\Windows\system32\WS2_32.dll
0x76af0000 - 0x76af6000 	C:\Windows\system32\NSI.dll
0x75210000 - 0x7524b000 	C:\Windows\system32\mswsock.dll
0x75270000 - 0x75275000 	C:\Windows\System32\wship6.dll
0x6d590000 - 0x6d599000 	C:\Program Files\Java\jre1.6.0\bin\nio.dll
0x770d0000 - 0x77154000 	C:\Windows\system32\CLBCatQ.DLL
0x6f480000 - 0x6f487000 	C:\Windows\system32\msiltcfg.dll
0x75280000 - 0x75288000 	C:\Windows\system32\VERSION.dll
0x716e0000 - 0x718e2000 	C:\Windows\system32\msi.dll
0x10000000 - 0x101ea000 	C:\code\embedder\trunk\src\Debug\euler_drawers_OGDFPlanar.dll
0x6ad60000 - 0x6ae5e000 	C:\Windows\WinSxS\x86_microsoft.vc80.debugcrt_1fc8b3b9a1e18e3b_8.0.50727.762_none_24c8a196583ff03b\MSVCP80D.dll
0x6a810000 - 0x6a931000 	C:\Windows\WinSxS\x86_microsoft.vc80.debugcrt_1fc8b3b9a1e18e3b_8.0.50727.762_none_24c8a196583ff03b\MSVCR80D.dll
0x720c0000 - 0x720c5000 	C:\Windows\system32\SFC.DLL
0x6f450000 - 0x6f45d000 	C:\Windows\system32\sfc_os.dll
0x75d90000 - 0x75f1a000 	C:\Windows\system32\SETUPAPI.dll
0x10300000 - 0x1032e000 	C:\Program Files\Microsoft Visual Studio 8\Common7\IDE\MSPDB80.DLL
0x74ea0000 - 0x74f3b000 	C:\Windows\WinSxS\x86_microsoft.vc80.crt_1fc8b3b9a1e18e3b_8.0.50727.1434_none_d08b6002442c891f\MSVCR80.dll

VM Arguments:
jvm_args: -Djava.library.path=C:\code\embedder\trunk\src\Debug
java_command: euler.DualGraph
Launcher Type: SUN_STANDARD

Environment Variables:
CLASSPATH=.;C:\Program Files\Java\jre1.6.0\lib\ext\QTJava.zip
PATH=C:\Program Files\MiKTeX 2.7\miktex\bin;C:\Program Files\PC Connectivity Solution\;C:\Program Files\Java\jdk1.6.0_01\bin;c:\Program Files\Microsoft SQL Server\90\Tools\binn\
USERNAME=pjr
OS=Windows_NT
PROCESSOR_IDENTIFIER=x86 Family 6 Model 15 Stepping 6, GenuineIntel



---------------  S Y S T E M  ---------------

OS: Windows Vista Build 6001 Service Pack 1

CPU:total 2 family 6, cmov, cx8, fxsr, mmx, sse, sse2

Memory: 4k page, physical 2094404k(770848k free), swap 4194303k(3010900k free)

vm_info: Java HotSpot(TM) Client VM (1.6.0-rc-b98) for windows-x86, built on Sep  1 2006 00:45:38 by "java_re" with unknown MS VC++:1310

