#
# An unexpected error has been detected by Java Runtime Environment:
#
#  EXCEPTION_ACCESS_VIOLATION (0xc0000005) at pc=0x1009e806, pid=5508, tid=4680
#
# Java VM: Java HotSpot(TM) Client VM (1.6.0-rc-b98 mixed mode)
# Problematic frame:
# C  [euler_drawers_OGDFPlanar.dll+0x9e806]
#
# If you would like to submit a bug report, please visit:
#   http://java.sun.com/webapps/bugreport/crash.jsp
#

---------------  T H R E A D  ---------------

Current thread (0x019a1c00):  JavaThread "main" [_thread_in_native, id=4680]

siginfo: ExceptionCode=0xc0000005, reading address 0xccccccd4

Registers:
EAX=0xccccccd4, EBX=0x081c2508, ECX=0xccccccd4, EDX=0x00240178
ESP=0x0022f2c0, EBP=0x0022f398, ESI=0x081c2508, EDI=0x0022f398
EIP=0x1009e806, EFLAGS=0x00010216

Top of Stack: (sp=0x0022f2c0)
0x0022f2c0:   0022f478 081c2508 081c2508 cccccccc
0x0022f2d0:   cccccccc cccccccc cccccccc cccccccc
0x0022f2e0:   cccccccc cccccccc cccccccc cccccccc
0x0022f2f0:   cccccccc cccccccc cccccccc cccccccc
0x0022f300:   cccccccc cccccccc cccccccc cccccccc
0x0022f310:   cccccccc cccccccc cccccccc cccccccc
0x0022f320:   cccccccc cccccccc cccccccc cccccccc
0x0022f330:   cccccccc cccccccc cccccccc cccccccc 

Instructions: (pc=0x1009e806)
0x1009e7f6:   00 00 b8 cc cc cc cc f3 ab 59 89 4d f8 8b 45 f8
0x1009e806:   8b 00 5f 5e 5b 8b e5 5d c3 cc cc cc cc cc cc cc 


Stack: [0x001e0000,0x00230000),  sp=0x0022f2c0,  free space=316k
Native frames: (J=compiled Java code, j=interpreted, Vv=VM code, C=native code)
C  [euler_drawers_OGDFPlanar.dll+0x9e806]
C  [euler_drawers_OGDFPlanar.dll+0x9d12e]
C  [euler_drawers_OGDFPlanar.dll+0x9cc37]
j  euler.drawers.OGDFPlanar.planarEmbedding([D[IIII)[D+0
j  euler.drawers.DiagramDrawerPlanar.planarLayout(Leuler/DualGraph;)Z+129
j  euler.drawers.DiagramDrawerPlanar.layout()V+15
j  euler.DualGraph.main([Ljava/lang/String;)V+150
v  ~StubRoutines::call_stub

Java frames: (J=compiled Java code, j=interpreted, Vv=VM code)
j  euler.drawers.OGDFPlanar.planarEmbedding([D[IIII)[D+0
j  euler.drawers.DiagramDrawerPlanar.planarLayout(Leuler/DualGraph;)Z+129
j  euler.drawers.DiagramDrawerPlanar.layout()V+15
j  euler.DualGraph.main([Ljava/lang/String;)V+150
v  ~StubRoutines::call_stub

---------------  P R O C E S S  ---------------

Java Threads: ( => current thread )
  0x0be46c00 JavaThread "AWT-EventQueue-0" [_thread_blocked, id=4112]
  0x0bd9d400 JavaThread "AWT-Windows" daemon [_thread_in_native, id=3432]
  0x0bd9d000 JavaThread "AWT-Shutdown" [_thread_blocked, id=2080]
  0x0be49800 JavaThread "Java2D Disposer" daemon [_thread_blocked, id=2364]
  0x01a33800 JavaThread "Low Memory Detector" daemon [_thread_blocked, id=3420]
  0x01a31c00 JavaThread "CompilerThread0" daemon [_thread_blocked, id=4068]
  0x01a31800 JavaThread "Attach Listener" daemon [_thread_blocked, id=5644]
  0x01a31000 JavaThread "Signal Dispatcher" daemon [_thread_blocked, id=1484]
  0x01a24400 JavaThread "Finalizer" daemon [_thread_blocked, id=2240]
  0x01a18400 JavaThread "Reference Handler" daemon [_thread_blocked, id=480]
=>0x019a1c00 JavaThread "main" [_thread_in_native, id=4680]

Other Threads:
  0x01a15400 VMThread [id=1040]
  0x01a34c00 WatcherThread [id=3120]

VM state:not at safepoint (normal execution)

VM Mutex/Monitor currently owned by a thread: None

Heap
 def new generation   total 960K, used 713K [0x03b60000, 0x03c60000, 0x04040000)
  eden space 896K,  72% used [0x03b60000, 0x03c025d8, 0x03c40000)
  from space 64K, 100% used [0x03c40000, 0x03c50000, 0x03c50000)
  to   space 64K,   0% used [0x03c50000, 0x03c50000, 0x03c60000)
 tenured generation   total 4096K, used 2501K [0x04040000, 0x04440000, 0x07b60000)
   the space 4096K,  61% used [0x04040000, 0x042b14a0, 0x042b1600, 0x04440000)
 compacting perm gen  total 12288K, used 6843K [0x07b60000, 0x08760000, 0x0bb60000)
   the space 12288K,  55% used [0x07b60000, 0x0820ec20, 0x0820ee00, 0x08760000)
No shared spaces configured.

Dynamic libraries:
0x00400000 - 0x00423000 	C:\Program Files\Java\jre1.6.0\bin\javaw.exe
0x77370000 - 0x77497000 	C:\Windows\system32\ntdll.dll
0x76b00000 - 0x76bdb000 	C:\Windows\system32\kernel32.dll
0x75bf0000 - 0x75cb6000 	C:\Windows\system32\ADVAPI32.dll
0x75cc0000 - 0x75d82000 	C:\Windows\system32\RPCRT4.dll
0x76f90000 - 0x7702d000 	C:\Windows\system32\USER32.dll
0x77080000 - 0x770cb000 	C:\Windows\system32\GDI32.dll
0x771f0000 - 0x7720e000 	C:\Windows\system32\IMM32.DLL
0x77500000 - 0x775c8000 	C:\Windows\system32\MSCTF.dll
0x76a30000 - 0x76ada000 	C:\Windows\system32\msvcrt.dll
0x76ae0000 - 0x76ae9000 	C:\Windows\system32\LPK.DLL
0x76be0000 - 0x76c5d000 	C:\Windows\system32\USP10.dll
0x7c340000 - 0x7c396000 	C:\Program Files\Java\jre1.6.0\bin\msvcr71.dll
0x6d7c0000 - 0x6da07000 	C:\Program Files\Java\jre1.6.0\bin\client\jvm.dll
0x74300000 - 0x74332000 	C:\Windows\system32\WINMM.dll
0x76db0000 - 0x76ef4000 	C:\Windows\system32\ole32.dll
0x77160000 - 0x771ed000 	C:\Windows\system32\OLEAUT32.dll
0x742c0000 - 0x742f9000 	C:\Windows\system32\OLEACC.dll
0x75a20000 - 0x75a4c000 	C:\Windows\system32\apphelp.dll
0x6d310000 - 0x6d318000 	C:\Program Files\Java\jre1.6.0\bin\hpi.dll
0x75b50000 - 0x75b57000 	C:\Windows\system32\PSAPI.DLL
0x6d770000 - 0x6d77c000 	C:\Program Files\Java\jre1.6.0\bin\verify.dll
0x6d3b0000 - 0x6d3cf000 	C:\Program Files\Java\jre1.6.0\bin\java.dll
0x6d7b0000 - 0x6d7bf000 	C:\Program Files\Java\jre1.6.0\bin\zip.dll
0x6d000000 - 0x6d1c3000 	C:\Program Files\Java\jre1.6.0\bin\awt.dll
0x71fa0000 - 0x71fe2000 	C:\Windows\system32\WINSPOOL.DRV
0x745d0000 - 0x7460f000 	C:\Windows\system32\uxtheme.dll
0x6d2b0000 - 0x6d303000 	C:\Program Files\Java\jre1.6.0\bin\fontmanager.dll
0x75f20000 - 0x76a2f000 	C:\Windows\system32\shell32.dll
0x774a0000 - 0x774f8000 	C:\Windows\system32\SHLWAPI.dll
0x74c00000 - 0x74d9e000 	C:\Windows\WinSxS\x86_microsoft.windows.common-controls_6595b64144ccf1df_6.0.6001.18000_none_5cdbaa5a083979cc\comctl32.dll
0x6d570000 - 0x6d583000 	C:\Program Files\Java\jre1.6.0\bin\net.dll
0x77210000 - 0x7723d000 	C:\Windows\system32\WS2_32.dll
0x76af0000 - 0x76af6000 	C:\Windows\system32\NSI.dll
0x75210000 - 0x7524b000 	C:\Windows\system32\mswsock.dll
0x75270000 - 0x75275000 	C:\Windows\System32\wship6.dll
0x6d590000 - 0x6d599000 	C:\Program Files\Java\jre1.6.0\bin\nio.dll
0x10000000 - 0x101ea000 	C:\code\embedder\trunk\src\Debug\euler_drawers_OGDFPlanar.dll
0x6c7a0000 - 0x6c89e000 	C:\Windows\WinSxS\x86_microsoft.vc80.debugcrt_1fc8b3b9a1e18e3b_8.0.50727.762_none_24c8a196583ff03b\MSVCP80D.dll
0x6c320000 - 0x6c441000 	C:\Windows\WinSxS\x86_microsoft.vc80.debugcrt_1fc8b3b9a1e18e3b_8.0.50727.762_none_24c8a196583ff03b\MSVCR80D.dll
0x770d0000 - 0x77154000 	C:\Windows\system32\CLBCatQ.DLL
0x6f480000 - 0x6f487000 	C:\Windows\system32\msiltcfg.dll
0x75280000 - 0x75288000 	C:\Windows\system32\VERSION.dll
0x716e0000 - 0x718e2000 	C:\Windows\system32\msi.dll
0x10300000 - 0x1032e000 	C:\Program Files\Microsoft Visual Studio 8\Common7\IDE\MSPDB80.DLL
0x74ea0000 - 0x74f3b000 	C:\Windows\WinSxS\x86_microsoft.vc80.crt_1fc8b3b9a1e18e3b_8.0.50727.1434_none_d08b6002442c891f\MSVCR80.dll
0x720c0000 - 0x720c5000 	C:\Windows\system32\SFC.DLL
0x6f450000 - 0x6f45d000 	C:\Windows\system32\sfc_os.dll
0x75d90000 - 0x75f1a000 	C:\Windows\system32\SETUPAPI.dll

VM Arguments:
jvm_args: -Djava.library.path=C:\code\embedder\trunk\src\Debug
java_command: euler.DualGraph
Launcher Type: SUN_STANDARD

Environment Variables:
CLASSPATH=.;C:\Program Files\Java\jre1.6.0\lib\ext\QTJava.zip
PATH=C:\Program Files\MiKTeX 2.7\miktex\bin;C:\Program Files\PC Connectivity Solution\;C:\Program Files\Java\jdk1.6.0_01\bin;c:\Program Files\Microsoft SQL Server\90\Tools\binn\
USERNAME=pjr
OS=Windows_NT
PROCESSOR_IDENTIFIER=x86 Family 6 Model 15 Stepping 6, GenuineIntel



---------------  S Y S T E M  ---------------

OS: Windows Vista Build 6001 Service Pack 1

CPU:total 2 family 6, cmov, cx8, fxsr, mmx, sse, sse2

Memory: 4k page, physical 2094404k(879772k free), swap 4194303k(3126820k free)

vm_info: Java HotSpot(TM) Client VM (1.6.0-rc-b98) for windows-x86, built on Sep  1 2006 00:45:38 by "java_re" with unknown MS VC++:1310

