#
# An unexpected error has been detected by Java Runtime Environment:
#
#  EXCEPTION_ACCESS_VIOLATION (0xc0000005) at pc=0x1009e806, pid=5668, tid=5236
#
# Java VM: Java HotSpot(TM) Client VM (1.6.0-rc-b98 mixed mode, sharing)
# Problematic frame:
# C  [euler_drawers_OGDFPlanar.dll+0x9e806]
#
# If you would like to submit a bug report, please visit:
#   http://java.sun.com/webapps/bugreport/crash.jsp
#

---------------  T H R E A D  ---------------

Current thread (0x0440b000):  JavaThread "AWT-EventQueue-0" [_thread_in_native, id=5236]

siginfo: ExceptionCode=0xc0000005, reading address 0xccccccd4

Registers:
EAX=0xccccccd4, EBX=0x2722b570, ECX=0xccccccd4, EDX=0x001e0178
ESP=0x04bae580, EBP=0x04bae658, ESI=0x2722b570, EDI=0x04bae658
EIP=0x1009e806, EFLAGS=0x00010212

Top of Stack: (sp=0x04bae580)
0x04bae580:   04bae738 2722b570 2722b570 cccccccc
0x04bae590:   cccccccc cccccccc cccccccc cccccccc
0x04bae5a0:   cccccccc cccccccc cccccccc cccccccc
0x04bae5b0:   cccccccc cccccccc cccccccc cccccccc
0x04bae5c0:   cccccccc cccccccc cccccccc cccccccc
0x04bae5d0:   cccccccc cccccccc cccccccc cccccccc
0x04bae5e0:   cccccccc cccccccc cccccccc cccccccc
0x04bae5f0:   cccccccc cccccccc cccccccc cccccccc 

Instructions: (pc=0x1009e806)
0x1009e7f6:   00 00 b8 cc cc cc cc f3 ab 59 89 4d f8 8b 45 f8
0x1009e806:   8b 00 5f 5e 5b 8b e5 5d c3 cc cc cc cc cc cc cc 


Stack: [0x04b60000,0x04bb0000),  sp=0x04bae580,  free space=313k
Native frames: (J=compiled Java code, j=interpreted, Vv=VM code, C=native code)
C  [euler_drawers_OGDFPlanar.dll+0x9e806]
C  [euler_drawers_OGDFPlanar.dll+0x9d12e]
C  [euler_drawers_OGDFPlanar.dll+0x9cc37]
j  euler.drawers.OGDFPlanar.planarEmbedding([D[IIII)[D+0
j  euler.drawers.DiagramDrawerPlanar.planarLayout(Leuler/DualGraph;)Z+129
j  euler.drawers.DiagramDrawerPlanar.layout()V+15
j  euler.utilities.DiagramUtilityRandomWellformedDiagram.generateRandomWFDiagram(IZ)Leuler/DualGraph;+145
j  euler.utilities.DiagramUtilityRandomWellformedDiagram.apply()V+18
j  euler.display.DualGraphWindow.actionPerformed(Ljava/awt/event/ActionEvent;)V+167
j  javax.swing.AbstractButton.fireActionPerformed(Ljava/awt/event/ActionEvent;)V+84
j  javax.swing.AbstractButton$Handler.actionPerformed(Ljava/awt/event/ActionEvent;)V+5
j  javax.swing.DefaultButtonModel.fireActionPerformed(Ljava/awt/event/ActionEvent;)V+35
j  javax.swing.DefaultButtonModel.setPressed(Z)V+117
j  javax.swing.AbstractButton.doClick(I)V+64
j  javax.swing.AbstractButton.doClick()V+3
j  javax.swing.plaf.basic.BasicMenuItemUI$Actions.actionPerformed(Ljava/awt/event/ActionEvent;)V+15
j  javax.swing.SwingUtilities.notifyAction(Ljavax/swing/Action;Ljavax/swing/KeyStroke;Ljava/awt/event/KeyEvent;Ljava/lang/Object;I)Z+132
j  javax.swing.JComponent.processKeyBinding(Ljavax/swing/KeyStroke;Ljava/awt/event/KeyEvent;IZ)Z+72
j  javax.swing.JMenuBar.processBindingForKeyStrokeRecursive(Ljavax/swing/MenuElement;Ljavax/swing/KeyStroke;Ljava/awt/event/KeyEvent;IZ)Z+63
j  javax.swing.JMenuBar.processBindingForKeyStrokeRecursive(Ljavax/swing/MenuElement;Ljavax/swing/KeyStroke;Ljava/awt/event/KeyEvent;IZ)Z+100
j  javax.swing.JMenuBar.processBindingForKeyStrokeRecursive(Ljavax/swing/MenuElement;Ljavax/swing/KeyStroke;Ljava/awt/event/KeyEvent;IZ)Z+100
j  javax.swing.JMenuBar.processKeyBinding(Ljavax/swing/KeyStroke;Ljava/awt/event/KeyEvent;IZ)Z+43
j  javax.swing.KeyboardManager.fireBinding(Ljavax/swing/JComponent;Ljavax/swing/KeyStroke;Ljava/awt/event/KeyEvent;Z)V+6
j  javax.swing.KeyboardManager.fireKeyboardAction(Ljava/awt/event/KeyEvent;ZLjava/awt/Container;)Z+339
j  javax.swing.JComponent.processKeyBindingsForAllComponents(Ljava/awt/event/KeyEvent;Ljava/awt/Container;Z)Z+6
j  javax.swing.JComponent.processKeyBindings(Ljava/awt/event/KeyEvent;Z)Z+152
j  javax.swing.JComponent.processKeyEvent(Ljava/awt/event/KeyEvent;)V+51
j  java.awt.Component.processEvent(Ljava/awt/AWTEvent;)V+121
j  java.awt.Container.processEvent(Ljava/awt/AWTEvent;)V+18
j  java.awt.Component.dispatchEventImpl(Ljava/awt/AWTEvent;)V+562
j  java.awt.Container.dispatchEventImpl(Ljava/awt/AWTEvent;)V+42
j  java.awt.Component.dispatchEvent(Ljava/awt/AWTEvent;)V+2
j  java.awt.KeyboardFocusManager.redispatchEvent(Ljava/awt/Component;Ljava/awt/AWTEvent;)V+7
j  java.awt.DefaultKeyboardFocusManager.dispatchKeyEvent(Ljava/awt/event/KeyEvent;)Z+70
j  java.awt.DefaultKeyboardFocusManager.preDispatchKeyEvent(Ljava/awt/event/KeyEvent;)Z+140
j  java.awt.DefaultKeyboardFocusManager.typeAheadAssertions(Ljava/awt/Component;Ljava/awt/AWTEvent;)Z+157
j  java.awt.DefaultKeyboardFocusManager.dispatchEvent(Ljava/awt/AWTEvent;)Z+1455
j  java.awt.Component.dispatchEventImpl(Ljava/awt/AWTEvent;)V+128
j  java.awt.Container.dispatchEventImpl(Ljava/awt/AWTEvent;)V+42
j  java.awt.Window.dispatchEventImpl(Ljava/awt/AWTEvent;)V+19
j  java.awt.Component.dispatchEvent(Ljava/awt/AWTEvent;)V+2
j  java.awt.EventQueue.dispatchEvent(Ljava/awt/AWTEvent;)V+46
j  java.awt.EventDispatchThread.pumpOneEventForFilters(I)Z+156
j  java.awt.EventDispatchThread.pumpEventsForFilter(ILjava/awt/Conditional;Ljava/awt/EventFilter;)V+30
j  java.awt.EventDispatchThread.pumpEventsForHierarchy(ILjava/awt/Conditional;Ljava/awt/Component;)V+11
j  java.awt.EventDispatchThread.pumpEvents(ILjava/awt/Conditional;)V+4
j  java.awt.EventDispatchThread.pumpEvents(Ljava/awt/Conditional;)V+3
j  java.awt.EventDispatchThread.run()V+9
v  ~StubRoutines::call_stub

Java frames: (J=compiled Java code, j=interpreted, Vv=VM code)
j  euler.drawers.OGDFPlanar.planarEmbedding([D[IIII)[D+0
j  euler.drawers.DiagramDrawerPlanar.planarLayout(Leuler/DualGraph;)Z+129
j  euler.drawers.DiagramDrawerPlanar.layout()V+15
j  euler.utilities.DiagramUtilityRandomWellformedDiagram.generateRandomWFDiagram(IZ)Leuler/DualGraph;+145
j  euler.utilities.DiagramUtilityRandomWellformedDiagram.apply()V+18
j  euler.display.DualGraphWindow.actionPerformed(Ljava/awt/event/ActionEvent;)V+167
j  javax.swing.AbstractButton.fireActionPerformed(Ljava/awt/event/ActionEvent;)V+84
j  javax.swing.AbstractButton$Handler.actionPerformed(Ljava/awt/event/ActionEvent;)V+5
j  javax.swing.DefaultButtonModel.fireActionPerformed(Ljava/awt/event/ActionEvent;)V+35
j  javax.swing.DefaultButtonModel.setPressed(Z)V+117
j  javax.swing.AbstractButton.doClick(I)V+64
j  javax.swing.AbstractButton.doClick()V+3
j  javax.swing.plaf.basic.BasicMenuItemUI$Actions.actionPerformed(Ljava/awt/event/ActionEvent;)V+15
j  javax.swing.SwingUtilities.notifyAction(Ljavax/swing/Action;Ljavax/swing/KeyStroke;Ljava/awt/event/KeyEvent;Ljava/lang/Object;I)Z+132
j  javax.swing.JComponent.processKeyBinding(Ljavax/swing/KeyStroke;Ljava/awt/event/KeyEvent;IZ)Z+72
j  javax.swing.JMenuBar.processBindingForKeyStrokeRecursive(Ljavax/swing/MenuElement;Ljavax/swing/KeyStroke;Ljava/awt/event/KeyEvent;IZ)Z+63
j  javax.swing.JMenuBar.processBindingForKeyStrokeRecursive(Ljavax/swing/MenuElement;Ljavax/swing/KeyStroke;Ljava/awt/event/KeyEvent;IZ)Z+100
j  javax.swing.JMenuBar.processBindingForKeyStrokeRecursive(Ljavax/swing/MenuElement;Ljavax/swing/KeyStroke;Ljava/awt/event/KeyEvent;IZ)Z+100
j  javax.swing.JMenuBar.processKeyBinding(Ljavax/swing/KeyStroke;Ljava/awt/event/KeyEvent;IZ)Z+43
j  javax.swing.KeyboardManager.fireBinding(Ljavax/swing/JComponent;Ljavax/swing/KeyStroke;Ljava/awt/event/KeyEvent;Z)V+6
j  javax.swing.KeyboardManager.fireKeyboardAction(Ljava/awt/event/KeyEvent;ZLjava/awt/Container;)Z+339
j  javax.swing.JComponent.processKeyBindingsForAllComponents(Ljava/awt/event/KeyEvent;Ljava/awt/Container;Z)Z+6
j  javax.swing.JComponent.processKeyBindings(Ljava/awt/event/KeyEvent;Z)Z+152
j  javax.swing.JComponent.processKeyEvent(Ljava/awt/event/KeyEvent;)V+51
j  java.awt.Component.processEvent(Ljava/awt/AWTEvent;)V+121
j  java.awt.Container.processEvent(Ljava/awt/AWTEvent;)V+18
j  java.awt.Component.dispatchEventImpl(Ljava/awt/AWTEvent;)V+562
j  java.awt.Container.dispatchEventImpl(Ljava/awt/AWTEvent;)V+42
j  java.awt.Component.dispatchEvent(Ljava/awt/AWTEvent;)V+2
j  java.awt.KeyboardFocusManager.redispatchEvent(Ljava/awt/Component;Ljava/awt/AWTEvent;)V+7
j  java.awt.DefaultKeyboardFocusManager.dispatchKeyEvent(Ljava/awt/event/KeyEvent;)Z+70
j  java.awt.DefaultKeyboardFocusManager.preDispatchKeyEvent(Ljava/awt/event/KeyEvent;)Z+140
j  java.awt.DefaultKeyboardFocusManager.typeAheadAssertions(Ljava/awt/Component;Ljava/awt/AWTEvent;)Z+157
j  java.awt.DefaultKeyboardFocusManager.dispatchEvent(Ljava/awt/AWTEvent;)Z+1455
j  java.awt.Component.dispatchEventImpl(Ljava/awt/AWTEvent;)V+128
j  java.awt.Container.dispatchEventImpl(Ljava/awt/AWTEvent;)V+42
j  java.awt.Window.dispatchEventImpl(Ljava/awt/AWTEvent;)V+19
j  java.awt.Component.dispatchEvent(Ljava/awt/AWTEvent;)V+2
j  java.awt.EventQueue.dispatchEvent(Ljava/awt/AWTEvent;)V+46
j  java.awt.EventDispatchThread.pumpOneEventForFilters(I)Z+156
j  java.awt.EventDispatchThread.pumpEventsForFilter(ILjava/awt/Conditional;Ljava/awt/EventFilter;)V+30
j  java.awt.EventDispatchThread.pumpEventsForHierarchy(ILjava/awt/Conditional;Ljava/awt/Component;)V+11
j  java.awt.EventDispatchThread.pumpEvents(ILjava/awt/Conditional;)V+4
j  java.awt.EventDispatchThread.pumpEvents(Ljava/awt/Conditional;)V+3
j  java.awt.EventDispatchThread.run()V+9
v  ~StubRoutines::call_stub

---------------  P R O C E S S  ---------------

Java Threads: ( => current thread )
  0x02011c00 JavaThread "DestroyJavaVM" [_thread_blocked, id=4804]
=>0x0440b000 JavaThread "AWT-EventQueue-0" [_thread_in_native, id=5236]
  0x043fec00 JavaThread "AWT-Windows" daemon [_thread_in_native, id=5680]
  0x043fe400 JavaThread "AWT-Shutdown" [_thread_blocked, id=1380]
  0x043fe000 JavaThread "Java2D Disposer" daemon [_thread_blocked, id=5160]
  0x0205ac00 JavaThread "Low Memory Detector" daemon [_thread_blocked, id=5840]
  0x02042800 JavaThread "CompilerThread0" daemon [_thread_blocked, id=4300]
  0x02042000 JavaThread "Attach Listener" daemon [_thread_blocked, id=5696]
  0x02041c00 JavaThread "Signal Dispatcher" daemon [_thread_blocked, id=3936]
  0x0203e000 JavaThread "Finalizer" daemon [_thread_blocked, id=4648]
  0x02032000 JavaThread "Reference Handler" daemon [_thread_blocked, id=3104]

Other Threads:
  0x02029000 VMThread [id=5216]
  0x0205b400 WatcherThread [id=5940]

VM state:not at safepoint (normal execution)

VM Mutex/Monitor currently owned by a thread: None

Heap
 def new generation   total 960K, used 467K [0x23170000, 0x23270000, 0x23650000)
  eden space 896K,  49% used [0x23170000, 0x231de368, 0x23250000)
  from space 64K,  41% used [0x23250000, 0x23256b10, 0x23260000)
  to   space 64K,   0% used [0x23260000, 0x23260000, 0x23270000)
 tenured generation   total 7844K, used 6674K [0x23650000, 0x23df9000, 0x27170000)
   the space 7844K,  85% used [0x23650000, 0x23cd4a78, 0x23cd4c00, 0x23df9000)
 compacting perm gen  total 12288K, used 1333K [0x27170000, 0x27d70000, 0x2b170000)
   the space 12288K,  10% used [0x27170000, 0x272bd530, 0x272bd600, 0x27d70000)
    ro space 8192K,  62% used [0x2b170000, 0x2b66aed0, 0x2b66b000, 0x2b970000)
    rw space 12288K,  52% used [0x2b970000, 0x2bfadf70, 0x2bfae000, 0x2c570000)

Dynamic libraries:
0x00400000 - 0x00423000 	C:\Program Files\Java\jre1.6.0\bin\javaw.exe
0x77a10000 - 0x77b37000 	C:\Windows\system32\ntdll.dll
0x76290000 - 0x7636b000 	C:\Windows\system32\kernel32.dll
0x76be0000 - 0x76ca6000 	C:\Windows\system32\ADVAPI32.dll
0x763a0000 - 0x76462000 	C:\Windows\system32\RPCRT4.dll
0x76e60000 - 0x76efd000 	C:\Windows\system32\USER32.dll
0x768d0000 - 0x7691b000 	C:\Windows\system32\GDI32.dll
0x76380000 - 0x7639e000 	C:\Windows\system32\IMM32.DLL
0x76a80000 - 0x76b48000 	C:\Windows\system32\MSCTF.dll
0x77bc0000 - 0x77c6a000 	C:\Windows\system32\msvcrt.dll
0x76a70000 - 0x76a79000 	C:\Windows\system32\LPK.DLL
0x76de0000 - 0x76e5d000 	C:\Windows\system32\USP10.dll
0x7c340000 - 0x7c396000 	C:\Program Files\Java\jre1.6.0\bin\msvcr71.dll
0x6d7c0000 - 0x6da07000 	C:\Program Files\Java\jre1.6.0\bin\client\jvm.dll
0x74990000 - 0x749c2000 	C:\Windows\system32\WINMM.dll
0x76920000 - 0x76a64000 	C:\Windows\system32\ole32.dll
0x76840000 - 0x768cd000 	C:\Windows\system32\OLEAUT32.dll
0x74950000 - 0x74989000 	C:\Windows\system32\OLEACC.dll
0x760c0000 - 0x760ec000 	C:\Windows\system32\apphelp.dll
0x6d310000 - 0x6d318000 	C:\Program Files\Java\jre1.6.0\bin\hpi.dll
0x76280000 - 0x76287000 	C:\Windows\system32\PSAPI.DLL
0x6d770000 - 0x6d77c000 	C:\Program Files\Java\jre1.6.0\bin\verify.dll
0x6d3b0000 - 0x6d3cf000 	C:\Program Files\Java\jre1.6.0\bin\java.dll
0x6d7b0000 - 0x6d7bf000 	C:\Program Files\Java\jre1.6.0\bin\zip.dll
0x6d000000 - 0x6d1c3000 	C:\Program Files\Java\jre1.6.0\bin\awt.dll
0x723c0000 - 0x72402000 	C:\Windows\system32\WINSPOOL.DRV
0x74c60000 - 0x74c9f000 	C:\Windows\system32\uxtheme.dll
0x76f00000 - 0x77a10000 	C:\Windows\system32\shell32.dll
0x76d80000 - 0x76dd8000 	C:\Windows\system32\SHLWAPI.dll
0x75290000 - 0x7542e000 	C:\Windows\WinSxS\x86_microsoft.windows.common-controls_6595b64144ccf1df_6.0.6001.18000_none_5cdbaa5a083979cc\comctl32.dll
0x6d2b0000 - 0x6d303000 	C:\Program Files\Java\jre1.6.0\bin\fontmanager.dll
0x6d570000 - 0x6d583000 	C:\Program Files\Java\jre1.6.0\bin\net.dll
0x77b40000 - 0x77b6d000 	C:\Windows\system32\WS2_32.dll
0x764a0000 - 0x764a6000 	C:\Windows\system32\NSI.dll
0x75880000 - 0x758bb000 	C:\Windows\system32\mswsock.dll
0x759e0000 - 0x759e5000 	C:\Windows\System32\wship6.dll
0x6d590000 - 0x6d599000 	C:\Program Files\Java\jre1.6.0\bin\nio.dll
0x76b50000 - 0x76bd4000 	C:\Windows\system32\CLBCatQ.DLL
0x702a0000 - 0x702a7000 	C:\Windows\system32\msiltcfg.dll
0x759f0000 - 0x759f8000 	C:\Windows\system32\VERSION.dll
0x71270000 - 0x71472000 	C:\Windows\system32\msi.dll
0x72180000 - 0x72185000 	C:\Windows\system32\SFC.DLL
0x70270000 - 0x7027d000 	C:\Windows\system32\sfc_os.dll
0x766b0000 - 0x7683a000 	C:\Windows\system32\SETUPAPI.dll
0x10000000 - 0x101ea000 	C:\code\embedder\trunk\src\Debug\euler_drawers_OGDFPlanar.dll
0x04e00000 - 0x04efe000 	C:\Windows\WinSxS\x86_microsoft.vc80.debugcrt_1fc8b3b9a1e18e3b_8.0.50727.762_none_24c8a196583ff03b\MSVCP80D.dll
0x05900000 - 0x05a21000 	C:\Windows\WinSxS\x86_microsoft.vc80.debugcrt_1fc8b3b9a1e18e3b_8.0.50727.762_none_24c8a196583ff03b\MSVCR80D.dll
0x6d220000 - 0x6d243000 	C:\Program Files\Java\jre1.6.0\bin\dcpr.dll
0x10300000 - 0x1032e000 	C:\Program Files\Microsoft Visual Studio 8\Common7\IDE\MSPDB80.DLL
0x75530000 - 0x755cb000 	C:\Windows\WinSxS\x86_microsoft.vc80.crt_1fc8b3b9a1e18e3b_8.0.50727.1434_none_d08b6002442c891f\MSVCR80.dll

VM Arguments:
jvm_args: -Djava.library.path=C:\code\embedder\trunk\src\Debug
java_command: forcedirected.FD_rep_ext_main2
Launcher Type: SUN_STANDARD

Environment Variables:
CLASSPATH=.;C:\Program Files\Java\jre1.6.0\lib\ext\QTJava.zip
PATH=C:\Program Files\PC Connectivity Solution\;C:\Program Files\MiKTeX 2.7\miktex\bin;C:\Program Files\Java\jdk1.6.0_01\bin;c:\Program Files\Microsoft SQL Server\90\Tools\binn\
USERNAME=pjr
OS=Windows_NT
PROCESSOR_IDENTIFIER=x86 Family 6 Model 15 Stepping 6, GenuineIntel



---------------  S Y S T E M  ---------------

OS: Windows Vista Build 6001 Service Pack 1

CPU:total 2 family 6, cmov, cx8, fxsr, mmx, sse, sse2

Memory: 4k page, physical 2094404k(930432k free), swap 4194303k(3128040k free)

vm_info: Java HotSpot(TM) Client VM (1.6.0-rc-b98) for windows-x86, built on Sep  1 2006 00:45:38 by "java_re" with unknown MS VC++:1310

